生成启动时间为 2016/1/6 11:38:10。
     1>项目“D:\Code\C\D_S\D_S.vcxproj”在节点 2 上(build 个目标)。
     1>InitializeBuildStatus:
         正在创建“Release\D_S.unsuccessfulbuild”，因为已指定“AlwaysCreate”。
       ClCompile:
         D:\Program Files (x86)\Microsoft Visual Studio 10.0\VC\bin\CL.exe /c /Zi /nologo /W3 /WX- /O2 /Oi /Oy- /GL /D WIN32 /D NDEBUG /D _CONSOLE /D _UNICODE /D UNICODE /Gm- /EHsc /MD /GS /Gy /fp:precise /Zc:wchar_t /Zc:forScope /Fo"Release\\" /Fd"Release\vc100.pdb" /Gd /TC /analyze- /errorReport:prompt "工作时长.c"
         工作时长.c
     1>工作时长.c(9): warning C4996: 'scanf': This function or variable may be unsafe. Consider using scanf_s instead. To disable deprecation, use _CRT_SECURE_NO_WARNINGS. See online help for details.
                 D:\Program Files (x86)\Microsoft Visual Studio 10.0\VC\include\stdio.h(304) : 参见“scanf”的声明
     1>工作时长.c(11): warning C4996: 'scanf': This function or variable may be unsafe. Consider using scanf_s instead. To disable deprecation, use _CRT_SECURE_NO_WARNINGS. See online help for details.
                 D:\Program Files (x86)\Microsoft Visual Studio 10.0\VC\include\stdio.h(304) : 参见“scanf”的声明
     1>工作时长.c(6): warning C4101: “k”: 未引用的局部变量
     1>工作时长.c(31): warning C4244: “=”: 从“double”转换到“int”，可能丢失数据
       Link:
         D:\Program Files (x86)\Microsoft Visual Studio 10.0\VC\bin\link.exe /ERRORREPORT:PROMPT /OUT:"D:\Code\C\D_S\Release\D_S.exe" /INCREMENTAL:NO /NOLOGO kernel32.lib user32.lib gdi32.lib winspool.lib comdlg32.lib advapi32.lib shell32.lib ole32.lib oleaut32.lib uuid.lib odbc32.lib odbccp32.lib /MANIFEST /ManifestFile:"Release\D_S.exe.intermediate.manifest" /MANIFESTUAC:"level='asInvoker' uiAccess='false'" /DEBUG /PDB:"D:\Code\C\D_S\Release\D_S.pdb" /SUBSYSTEM:CONSOLE /OPT:REF /OPT:ICF /LTCG /TLBID:1 /DYNAMICBASE /NXCOMPAT /IMPLIB:"D:\Code\C\D_S\Release\D_S.lib" /MACHINE:X86 "Release\工作时长.obj"
         正在生成代码
     1>d:\code\c\d_s\工作时长.c(29): warning C4700: 使用了未初始化的局部变量“n”
         已完成代码的生成
         D_S.vcxproj -> D:\Code\C\D_S\Release\D_S.exe
       Manifest:
         C:\Program Files (x86)\Microsoft SDKs\Windows\v7.0A\bin\mt.exe /nologo /verbose /outputresource:"D:\Code\C\D_S\Release\D_S.exe;#1" /manifest Release\D_S.exe.intermediate.manifest
       FinalizeBuildStatus:
         正在删除文件“Release\D_S.unsuccessfulbuild”。
         正在对“Release\D_S.lastbuildstate”执行 Touch 任务。
     1>已完成生成项目“D:\Code\C\D_S\D_S.vcxproj”(build 个目标)的操作。

生成成功。

已用时间 00:00:00.47
